<?xml version="1.0" encoding="UTF-8"?>
<!-- Generated by org.testng.reporters.JUnitReportReporter -->
<testsuite hostname="LTIN202390" failures="0" tests="15" name="testCases.TS00_Smoke" time="54.125" errors="0" timestamp="2024-03-01T12:50:17 IST" skipped="0">
  <testcase classname="testCases.TS00_Smoke" name="launchBrowser" time="0.010"/>
  <system-out/>
  <testcase classname="testCases.TS00_Smoke" name="navigateURL" time="5.737"/>
  <system-out/>
  <testcase classname="testCases.TS00_Smoke" name="verifypPageLoad" time="0.065"/>
  <system-out/>
  <testcase classname="testCases.TS00_Smoke" name="verifyCourseraHomepage" time="7.197"/>
  <system-out/>
  <testcase classname="testCases.TS00_Smoke" name="isSearchBoxDisplayed" time="0.115"/>
  <system-out/>
  <testcase classname="testCases.TS00_Smoke" name="verifySearch" time="9.253"/>
  <system-out/>
  <testcase classname="testCases.TS00_Smoke" name="verifyResults" time="0.074"/>
  <system-out/>
  <testcase classname="testCases.TS00_Smoke" name="verifyLanguageOptions" time="1.138"/>
  <system-out/>
  <testcase classname="testCases.TS00_Smoke" name="verifyLevelOptions" time="3.640"/>
  <system-out/>
  <testcase classname="testCases.TS00_Smoke" name="verifyIndividualLink" time="5.646"/>
  <system-out/>
  <testcase classname="testCases.TS00_Smoke" name="verifyBuisenessLink" time="7.829"/>
  <system-out/>
  <testcase classname="testCases.TS00_Smoke" name="verifyUniversitiesLink" time="4.610"/>
  <system-out/>
  <testcase classname="testCases.TS00_Smoke" name="verifySolutionOptions" time="0.639"/>
  <system-out/>
  <testcase classname="testCases.TS00_Smoke" name="verifySolutionsLink" time="4.664"/>
  <system-out/>
  <testcase classname="testCases.TS00_Smoke" name="verifyForCampusLink" time="3.508"/>
  <system-out/>
</testsuite> <!-- testCases.TS00_Smoke -->
