<?xml version="1.0" encoding="UTF-8"?>
<!-- Generated by org.testng.reporters.JUnitReportReporter -->
<testsuite hostname="LTIN202390" failures="0" tests="4" name="testCases.TS003_LanguageLearning" time="17.014" errors="0" timestamp="2024-03-01T12:50:17 IST" skipped="0">
  <testcase classname="testCases.TS003_LanguageLearning" name="navigateToHomepage" time="15.581"/>
  <system-out/>
  <testcase classname="testCases.TS003_LanguageLearning" name="captureAllLanguage" time="1.229"/>
  <system-out/>
  <testcase classname="testCases.TS003_LanguageLearning" name="getAlllevels" time="0.202"/>
  <system-out/>
  <testcase classname="testCases.TS003_LanguageLearning" name="displayLanguagesLevels" time="0.002"/>
  <system-out/>
</testsuite> <!-- testCases.TS003_LanguageLearning -->
