<?xml version="1.0" encoding="UTF-8"?>
<!-- Generated by org.testng.reporters.JUnitReportReporter -->
<testsuite hostname="LTIN202390" failures="0" tests="3" name="testCases.TS005_FormRegistrationInvalid" time="43.809" errors="0" timestamp="2024-03-01T12:50:17 IST" skipped="0">
  <testcase classname="testCases.TS005_FormRegistrationInvalid" name="clickEnterprise" time="5.389"/>
  <system-out/>
  <testcase classname="testCases.TS005_FormRegistrationInvalid" name="navigateToFormPage" time="4.406"/>
  <system-out/>
  <testcase classname="testCases.TS005_FormRegistrationInvalid" name="fillForm" time="34.014"/>
  <system-out/>
</testsuite> <!-- testCases.TS005_FormRegistrationInvalid -->
