<?xml version="1.0" encoding="UTF-8"?>
<!-- Generated by org.testng.reporters.JUnitReportReporter -->
<testsuite hostname="LTIN202390" failures="0" tests="6" name="testCases.TS002_CourseDetails" time="9.555" errors="0" timestamp="2024-03-01T12:50:17 IST" skipped="0">
  <testcase classname="testCases.TS002_CourseDetails" name="gotoFirstCourse" time="0.878"/>
  <system-out/>
  <testcase classname="testCases.TS002_CourseDetails" name="captureFirstCourseDetails" time="5.149"/>
  <system-out/>
  <testcase classname="testCases.TS002_CourseDetails" name="displayfirstCourse" time="0.001"/>
  <system-out/>
  <testcase classname="testCases.TS002_CourseDetails" name="gotoSecondCourse" time="0.027"/>
  <system-out/>
  <testcase classname="testCases.TS002_CourseDetails" name="captureSecondCourseDetails" time="3.500"/>
  <system-out/>
  <testcase classname="testCases.TS002_CourseDetails" name="displaySecondCourse" time="0.000"/>
  <system-out/>
</testsuite> <!-- testCases.TS002_CourseDetails -->
