<?xml version="1.0" encoding="UTF-8"?>
<!-- Generated by org.testng.reporters.JUnitReportReporter -->
<testsuite hostname="LTIN202390" failures="0" tests="3" name="testCases.TS001_SearchCourse" time="25.426" errors="0" timestamp="2024-03-01T12:50:17 IST" skipped="0">
  <testcase classname="testCases.TS001_SearchCourse" name="SearchCourse" time="15.619"/>
  <system-out/>
  <testcase classname="testCases.TS001_SearchCourse" name="addFilters" time="2.897"/>
  <system-out/>
  <testcase classname="testCases.TS001_SearchCourse" name="clickTopTwoCourses" time="6.910"/>
  <system-out/>
</testsuite> <!-- testCases.TS001_SearchCourse -->
