<?xml version="1.0" encoding="UTF-8"?>
<!-- Generated by org.testng.reporters.JUnitReportReporter -->
<testsuite hostname="LTIN202390" failures="0" tests="3" name="testCases.TC001_SearchCourse" time="25.604" errors="0" timestamp="2024-02-25T12:07:06 IST" skipped="0">
  <testcase classname="testCases.TC001_SearchCourse" name="addFilters" time="4.156"/>
  <system-out/>
  <testcase classname="testCases.TC001_SearchCourse" name="SearchCourse" time="13.354"/>
  <system-out/>
  <testcase classname="testCases.TC001_SearchCourse" name="clickTopTwoCourses" time="8.094"/>
  <system-out/>
</testsuite> <!-- testCases.TC001_SearchCourse -->
