<?xml version="1.0" encoding="UTF-8"?>
<!-- Generated by org.testng.reporters.JUnitReportReporter -->
<testsuite hostname="LTIN202390" failures="0" tests="3" name="testCases.TS004_FormRegistrationValid" time="46.044" errors="0" timestamp="2024-03-01T12:50:17 IST" skipped="0">
  <testcase classname="testCases.TS004_FormRegistrationValid" name="clickEnterprise" time="5.792"/>
  <system-out/>
  <testcase classname="testCases.TS004_FormRegistrationValid" name="navigateToFormPage" time="4.359"/>
  <system-out/>
  <testcase classname="testCases.TS004_FormRegistrationValid" name="fillForm" time="35.893"/>
  <system-out/>
</testsuite> <!-- testCases.TS004_FormRegistrationValid -->
